[2024.03.22 01:11:23] Minden adatot kötelező megadni!
[2024.03.22 01:14:34] Minden adatot kötelező megadni!
[2024.03.22 01:14:34] Hibás felhasználói azonosító! Kérem, adja meg újra a felhasználói azonosítóját!
[2024.03.22 01:17:06] Minden adatot kötelező megadni!
[2024.03.22 01:17:06] Hibás felhasználói azonosító! Kérem, adja meg újra a felhasználói azonosítóját!
[2024.03.22 01:20:10] Hibás felhasználói azonosító! Kérem, adja meg újra a felhasználói azonosítóját!
[2024.03.22 01:20:10] Hibás jelszó! Kérem, adja meg újra a jelszavát!
[2024.03.22 01:20:21] Hibás felhasználói azonosító! Kérem, adja meg újra a felhasználói azonosítóját!
[2024.03.22 01:20:21] Hibás jelszó! Kérem, adja meg újra a jelszavát!
[2024.03.22 01:20:54] Hibás jelszó! Kérem, adja meg újra a jelszavát!
[2024.03.22 01:26:34] Hibás jelszó! Kérem, adja meg újra a jelszavát!
[2024.03.22 01:31:29] Hibás jelszó! Kérem, adja meg újra a jelszavát!
[2024.03.22 01:32:05] Hibás jelszó! Kérem, adja meg újra a jelszavát!
[2024.03.22 01:37:47] Hibás jelszó! Kérem, adja meg újra a jelszavát!
[2024.03.22 01:37:54] Hibás jelszó! Kérem, adja meg újra a jelszavát!
[2024.03.22 01:52:57] Hibás jelszó! Kérem, adja meg újra a jelszavát!
[2024.03.22 01:55:59] Hibás jelszó! Kérem, adja meg újra a jelszavát!
[2024.03.22 01:56:17] Minden adatot kötelező megadni!
[2024.03.22 01:56:17] Hibás felhasználói azonosító! Kérem, adja meg újra a felhasználói azonosítóját!
[2024.03.22 02:02:14] Minden adatot kötelező megadni!
[2024.03.22 02:02:14] Hibás felhasználói azonosító! Kérem, adja meg újra a felhasználói azonosítóját!
[2024.03.22 02:15:46] Minden adatot kötelező megadni!
[2024.03.22 02:15:46] Hibás felhasználói azonosító! Kérem, adja meg újra a felhasználói azonosítóját!
[2024.03.22 02:16:05] Hibás jelszó! Kérem, adja meg újra a jelszavát!
[2024.03.22 02:22:44] Minden adatot kötelező megadni!
[2024.03.22 02:22:44] Hibás felhasználói azonosító! Kérem, adja meg újra a felhasználói azonosítóját!
[2024.03.22 02:27:08] Minden adatot kötelező megadni!
[2024.03.22 02:27:08] Hibás jelszó! Kérem, adja meg újra a jelszavát!
[2024.03.22 02:28:32] Minden adatot kötelező megadni!
[2024.03.22 02:28:32] Hibás jelszó! Kérem, adja meg újra a jelszavát!
[2024.03.23 09:18:52] Minden adatot kötelező megadni!
[2024.03.23 09:18:52] Hibás felhasználói azonosító! Kérem, adja meg újra a felhasználói azonosítóját!
[2024.03.24 03:47:10] Sikertelen mentés! SQLSTATE[23000]: Integrity constraint violation: 1062 Duplicate entry 'Béla' for key 'username'
[2024.03.24 03:49:11] Hibás jelszó! Kérem, adja meg újra a jelszavát!
[2024.03.25 02:01:56] Minden adatot kötelező megadni!
[2024.03.25 02:01:58] Minden adatot kötelező megadni!
[2024.03.25 03:27:40] Minden adatot kötelező megadni!
[2024.03.25 03:45:04] Minden adatot kötelező megadni!
[2024.03.25 04:02:26] Minden adatot kötelező megadni!
[2024.03.25 04:03:42] Minden adatot kötelező megadni!
[2024.03.25 04:03:56] Minden adatot kötelező megadni!
[2024.03.25 04:04:10] Minden adatot kötelező megadni!
[2024.03.25 04:05:07] Minden adatot kötelező megadni!
[2024.03.25 04:10:56] Minden adatot kötelező megadni!
[2024.03.25 04:15:58] Minden adatot kötelező megadni!
[2024.03.25 04:16:13] Minden adatot kötelező megadni!
[2024.03.25 04:16:28] Hibás jelszó! Kérem, adja meg újra a jelszavát!
[2024.03.25 04:17:22] Hibás jelszó! Kérem, adja meg újra a jelszavát!
[2024.03.25 04:18:29] Hibás felhasználói azonosító! Kérem, adja meg a helyes azonosítót!
[2024.03.25 04:42:29] Minden adatot kötelező megadni! Kérem, adja meg az összes adatot!
[2024.03.25 04:42:55] Minden adatot kötelező megadni! Kérem, adja meg az összes adatot!
[2024.03.25 04:43:23] Minden adatot kötelező megadni! Kérem, adja meg az összes adatot!
[2024.03.25 04:43:53] Hibás jelszó! Kérem, adja meg újra a jelszavát!
[2024.03.25 04:45:29] A két jelszó nem egyezik! Kérem, adja meg újra a jelszavát!
[2024.03.25 04:47:10] Minden adatot kötelező megadni!
[2024.03.25 04:47:21] Minden adatot kötelező megadni! Kérem, adja meg az összes adatot!
[2024.03.25 04:48:46] Minden adatot kötelező megadni!
[2024.03.25 04:50:09] Minden adatot kötelező megadni!
[2024.03.25 04:50:33] Minden adatot kötelező megadni!
[2024.03.25 04:53:07] Minden adatot kötelező megadni! Kérem, adja meg az összes adatot!
[2024.03.25 04:53:26] Minden adatot kötelező megadni! Kérem, adja meg az összes adatot!
[2024.03.25 07:27:26] Minden adatot kötelező megadni!
[2024.03.25 07:27:36] Minden adatot kötelező megadni!
[2024.03.25 07:27:50] Hibás jelszó! Kérem, adja meg újra a jelszavát!
[2024.03.25 07:28:07] Minden adatot kötelező megadni! Kérem, adja meg az összes adatot!
[2024.03.25 07:28:29] A két jelszó nem egyezik! Kérem, adja meg újra a jelszavát!
[2024.03.25 07:28:43] Minden adatot kötelező megadni! Kérem, adja meg az összes adatot!
[2024.03.25 09:20:49] Minden adatot kötelező megadni!
[2024.03.25 09:21:01] Hibás jelszó! Kérem, adja meg újra a jelszavát!
[2024.03.25 09:21:09] Minden adatot kötelező megadni! Kérem, adja meg az összes adatot!
[2024.03.25 09:21:31] A két jelszó nem egyezik! Kérem, adja meg újra a jelszavát!
[2024.03.25 09:22:31] Hibás jelszó! Kérem, adja meg újra a jelszavát!
